[2023-05-08T16:34:05.538+0300][gc,heap] Heap region size: 1M
[2023-05-08T16:34:05.542+0300][gc     ] Using G1
[2023-05-08T16:34:05.542+0300][gc,heap,coops] Heap address: 0x00000007e0000000, size: 512 MB, Compressed Oops mode: Zero based, Oop shift amount: 3
[2023-05-08T16:34:11.535+0300][gc,start     ] GC(0) Pause Young (Normal) (G1 Evacuation Pause)
[2023-05-08T16:34:11.536+0300][gc,task      ] GC(0) Using 9 workers of 9 for evacuation
[2023-05-08T16:34:11.548+0300][gc,phases    ] GC(0)   Pre Evacuate Collection Set: 0.0ms
[2023-05-08T16:34:11.548+0300][gc,phases    ] GC(0)   Evacuate Collection Set: 10.9ms
[2023-05-08T16:34:11.548+0300][gc,phases    ] GC(0)   Post Evacuate Collection Set: 0.4ms
[2023-05-08T16:34:11.548+0300][gc,phases    ] GC(0)   Other: 0.9ms
[2023-05-08T16:34:11.548+0300][gc,heap      ] GC(0) Eden regions: 25->0(21)
[2023-05-08T16:34:11.548+0300][gc,heap      ] GC(0) Survivor regions: 0->4(4)
[2023-05-08T16:34:11.548+0300][gc,heap      ] GC(0) Old regions: 0->4
[2023-05-08T16:34:11.548+0300][gc,heap      ] GC(0) Humongous regions: 0->0
[2023-05-08T16:34:11.548+0300][gc,metaspace ] GC(0) Metaspace: 14515K->14515K(1062912K)
[2023-05-08T16:34:11.548+0300][gc           ] GC(0) Pause Young (Normal) (G1 Evacuation Pause) 25M->7M(512M) 12.382ms
[2023-05-08T16:34:11.548+0300][gc,cpu       ] GC(0) User=0.04s Sys=0.01s Real=0.01s
[2023-05-08T17:13:23.790+0300][gc,heap,exit ] Heap
[2023-05-08T17:13:23.791+0300][gc,heap,exit ]  garbage-first heap   total 524288K, used 24688K [0x00000007e0000000, 0x0000000800000000)
[2023-05-08T17:13:23.791+0300][gc,heap,exit ]   region size 1024K, 22 young (22528K), 4 survivors (4096K)
[2023-05-08T17:13:23.791+0300][gc,heap,exit ]  Metaspace       used 16586K, capacity 16903K, committed 17152K, reserved 1064960K
[2023-05-08T17:13:23.791+0300][gc,heap,exit ]   class space    used 1636K, capacity 1751K, committed 1792K, reserved 1048576K
